<?xml version="1.0" encoding="UTF-8"?>
<!-- Generated by org.testng.reporters.JUnitReportReporter -->
<testsuite hostname="DESKTOP-KBNET8L" failures="0" tests="4" name="paramterization.NewLoginTest" time="0.011" errors="0" timestamp="2022-10-24T01:08:24 IST" skipped="0">
  <testcase classname="paramterization.NewLoginTest" name="testLogin" time="0.002"/>
  <system-out/>
  <testcase classname="paramterization.NewLoginTest" name="testLogin" time="0.007"/>
  <system-out/>
  <testcase classname="paramterization.NewLoginTest" name="testUserReg" time="0.001"/>
  <system-out/>
  <testcase classname="paramterization.NewLoginTest" name="testUserReg" time="0.001"/>
  <system-out/>
</testsuite> <!-- paramterization.NewLoginTest -->
