<?xml version="1.0" encoding="UTF-8"?>
<!-- Generated by org.testng.reporters.JUnitReportReporter -->
<testsuite hostname="DESKTOP-KBNET8L" failures="0" tests="1" name="TestCases.ValidateTestCases" time="0.008" errors="0" timestamp="2022-10-21T19:42:17 IST" skipped="0">
  <testcase classname="TestCases.ValidateTestCases" name="validateTitles" time="0.008"/>
  <system-out/>
</testsuite> <!-- TestCases.ValidateTestCases -->
