<?xml version="1.0" encoding="UTF-8"?>
<!-- Generated by org.testng.reporters.JUnitReportReporter -->
<testsuite hostname="DESKTOP-KBNET8L" failures="0" tests="2" name="parallelTest.TestBrowser" time="4.057" errors="0" timestamp="2022-10-24T10:03:11 IST" skipped="0">
  <testcase classname="parallelTest.TestBrowser" name="doLogin" time="2.029"/>
  <system-out/>
  <testcase classname="parallelTest.TestBrowser" name="doLogin" time="2.028"/>
  <system-out/>
</testsuite> <!-- parallelTest.TestBrowser -->
