<?xml version="1.0" encoding="UTF-8"?>
<!-- Generated by org.testng.reporters.JUnitReportReporter -->
<testsuite hostname="DESKTOP-KBNET8L" failures="0" tests="1" name="testCases.ReUsableMethods" time="0.002" errors="0" timestamp="2022-10-22T23:35:35 IST" skipped="0">
  <testcase classname="testCases.ReUsableMethods" name="doUserReg" time="0.002"/>
  <system-out/>
</testsuite> <!-- testCases.ReUsableMethods -->
