<?xml version="1.0" encoding="UTF-8"?>
<!-- Generated by org.testng.reporters.JUnitReportReporter -->
<testsuite hostname="DESKTOP-KBNET8L" failures="0" tests="4" name="regression.TestDepensOn" time="0.011" errors="0" timestamp="2022-10-22T22:09:55 IST" skipped="0">
  <testcase classname="regression.TestDepensOn" name="doUserReg" time="0.006"/>
  <system-out/>
  <testcase classname="regression.TestDepensOn" name="doLogin" time="0.002"/>
  <system-out/>
  <testcase classname="regression.TestDepensOn" name="thirdTest" time="0.002"/>
  <system-out/>
  <testcase classname="regression.TestDepensOn" name="fourthTest" time="0.001"/>
  <system-out/>
</testsuite> <!-- regression.TestDepensOn -->
