<?xml version="1.0" encoding="UTF-8"?>
<!-- Generated by org.testng.reporters.JUnitReportReporter -->
<testsuite hostname="DESKTOP-KBNET8L" failures="0" tests="2" name="parameterization.TestParametersFromXML" time="0.016" errors="0" timestamp="2022-10-24T01:36:18 IST" skipped="0">
  <testcase classname="parameterization.TestParametersFromXML" name="getBrowser" time="0.015"/>
  <system-out/>
  <testcase classname="parameterization.TestParametersFromXML" name="getBrowser" time="0.001"/>
  <system-out/>
</testsuite> <!-- parameterization.TestParametersFromXML -->
