<?xml version="1.0" encoding="UTF-8"?>
<!-- Generated by org.testng.reporters.JUnitReportReporter -->
<testsuite hostname="DESKTOP-KBNET8L" failures="0" tests="3" name="paramterization.TestParameterization" time="0.008" errors="0" timestamp="2022-10-23T09:02:18 IST" skipped="0">
  <testcase classname="paramterization.TestParameterization" name="doLogin" time="0.001"/>
  <system-out/>
  <testcase classname="paramterization.TestParameterization" name="doLogin" time="0.000"/>
  <system-out/>
  <testcase classname="paramterization.TestParameterization" name="doLogin" time="0.007"/>
  <system-out/>
</testsuite> <!-- paramterization.TestParameterization -->
