<?xml version="1.0" encoding="UTF-8"?>
<!-- Generated by org.testng.reporters.JUnitReportReporter -->
<testsuite hostname="DESKTOP-KBNET8L" failures="0" tests="4" name="paramterization.TestNGParameterizationExcel" time="0.012" errors="0" timestamp="2022-10-23T23:48:05 IST" skipped="0">
  <testcase classname="paramterization.TestNGParameterizationExcel" name="testData" time="0.007"/>
  <system-out/>
  <testcase classname="paramterization.TestNGParameterizationExcel" name="testData" time="0.001"/>
  <system-out/>
  <testcase classname="paramterization.TestNGParameterizationExcel" name="testData" time="0.001"/>
  <system-out/>
  <testcase classname="paramterization.TestNGParameterizationExcel" name="testData" time="0.003"/>
  <system-out/>
</testsuite> <!-- paramterization.TestNGParameterizationExcel -->
