<?xml version="1.0" encoding="UTF-8"?>
<!-- Generated by org.testng.reporters.JUnitReportReporter -->
<testsuite hostname="DESKTOP-KBNET8L" failures="0" tests="2" name="regression.ReUsableMethods" time="0.007" errors="0" timestamp="2022-10-22T22:09:56 IST" skipped="0">
  <testcase classname="regression.ReUsableMethods" name="doUserReg" time="0.006"/>
  <system-out/>
  <testcase classname="regression.ReUsableMethods" name="doLogin" time="0.001"/>
  <system-out/>
</testsuite> <!-- regression.ReUsableMethods -->
