<?xml version="1.0" encoding="UTF-8"?>
<!-- Generated by org.testng.reporters.JUnitReportReporter -->
<testsuite hostname="DESKTOP-KBNET8L" failures="0" tests="2" name="parallelTest.TestParallelDP" time="4.192" errors="0" timestamp="2022-10-24T02:42:20 IST" skipped="0">
  <testcase classname="parallelTest.TestParallelDP" name="doLogin" time="2.022"/>
  <system-out/>
  <testcase classname="parallelTest.TestParallelDP" name="doLogin" time="2.170"/>
  <system-out/>
</testsuite> <!-- parallelTest.TestParallelDP -->
