<?xml version="1.0" encoding="UTF-8"?>
<!-- Generated by org.testng.reporters.JUnitReportReporter -->
<testsuite hostname="DESKTOP-KBNET8L" failures="0" tests="1" name="seleniumCodingChallenge.SauceTestStream" time="4.514" errors="0" timestamp="2022-09-25T14:47:17 IST" skipped="0">
  <testcase classname="seleniumCodingChallenge.SauceTestStream" name="maxPriceStreamTest" time="4.514"/>
  <system-out/>
</testsuite> <!-- seleniumCodingChallenge.SauceTestStream -->
